2023-11-01 16:02:41,798 [INFO] Activator:176 - 


2023-11-01 16:02:41,800 [INFO] Activator:177 - !SESSION log4j initialized
2023-11-01 16:02:44,588 [INFO] LogOutputStream:77 - [STDOUT_REDIRECT] 
2023-11-01 16:02:46,511 [INFO] ApplicationProperties:184 - Using Application install path: C:\ST\STM32CubeIDE_1.13.2\STM32CubeIDE\plugins\com.st.stm32cube.common.mx_6.9.2.202309101412
2023-11-01 16:02:46,528 [INFO] DbMcusXml:78 - Set database path to: C:\ST\STM32CubeIDE_1.13.2\STM32CubeIDE\plugins\com.st.stm32cube.common.mx_6.9.2.202309101412\\db\/mcu/
2023-11-01 16:02:46,529 [INFO] ApiDb:274 - Set plugin database path to: C:\ST\STM32CubeIDE_1.13.2\STM32CubeIDE\plugins\com.st.stm32cube.common.mx_6.9.2.202309101412\\db\/plugins/boardmanager/
2023-11-01 16:02:46,529 [WARN] ApiDb:259 - Overriding images path with different value:  => C:\ST\STM32CubeIDE_1.13.2\STM32CubeIDE\plugins\com.st.stm32cube.common.mx_6.9.2.202309101412\\db\/plugins/mcufinder/images/
2023-11-01 16:02:46,541 [INFO] ApiDb:250 - Set database path to: C:\Users\Demian\.stmcufinder\plugins\mcufinder//mcu/
2023-11-01 16:02:46,542 [INFO] DbMcusAds:125 - Set database path to: C:\Users\Demian\.stmcufinder\plugins\mcufinder//mcu/
2023-11-01 16:02:46,544 [INFO] CrossReferenceDbSqlite:203 - Set database path to: C:\Users\Demian\.stmcufinder\plugins\mcufinder//mcu/cs/
2023-11-01 16:02:46,631 [INFO] RulesReader:64 - Compatibility file has been processed (293 Rules)
2023-11-01 16:02:46,703 [INFO] DbMcusXml:78 - Set database path to: C:\ST\STM32CubeIDE_1.13.2\STM32CubeIDE\plugins\com.st.stm32cube.common.mx_6.9.2.202309101412\\db\/mcu/
2023-11-01 16:02:46,703 [INFO] ApiDb:274 - Set plugin database path to: C:\ST\STM32CubeIDE_1.13.2\STM32CubeIDE\plugins\com.st.stm32cube.common.mx_6.9.2.202309101412\\db\/plugins/boardmanager/
2023-11-01 16:02:46,703 [INFO] ApiDb:261 - Set plugin images path to: C:\ST\STM32CubeIDE_1.13.2\STM32CubeIDE\plugins\com.st.stm32cube.common.mx_6.9.2.202309101412\\db\/plugins/mcufinder/images/
2023-11-01 16:02:46,704 [WARN] DbFile:41 - Overriding database path with different value: C:\Users\Demian\.stmcufinder\plugins\mcufinder/ => C:\Users\Demian\.stmcufinder\plugins\mcufinder
2023-11-01 16:02:46,704 [INFO] ApiDb:250 - Set database path to: C:\Users\Demian\.stmcufinder\plugins\mcufinder//mcu/
2023-11-01 16:02:46,704 [WARN] DbFile:41 - Overriding database path with different value: C:\Users\Demian\.stmcufinder\plugins\mcufinder/ => C:\Users\Demian\.stmcufinder\plugins\mcufinder
2023-11-01 16:02:46,704 [INFO] DbMcusAds:125 - Set database path to: C:\Users\Demian\.stmcufinder\plugins\mcufinder//mcu/
2023-11-01 16:02:46,704 [WARN] DbFile:41 - Overriding database path with different value: C:\Users\Demian\.stmcufinder\plugins\mcufinder/ => C:\Users\Demian\.stmcufinder\plugins\mcufinder
2023-11-01 16:02:46,704 [WARN] DbFile:41 - Overriding database path with different value: C:\Users\Demian\.stmcufinder\plugins\mcufinder/ => C:\Users\Demian\.stmcufinder\plugins\mcufinder
2023-11-01 16:02:46,704 [INFO] CrossReferenceDbSqlite:203 - Set database path to: C:\Users\Demian\.stmcufinder\plugins\mcufinder//mcu/cs/
2023-11-01 16:02:46,762 [INFO] MainPanel:262 - HeapMemory: 268435456
2023-11-01 16:02:46,817 [INFO] DbMcusXml:78 - Set database path to: C:\ST\STM32CubeIDE_1.13.2\STM32CubeIDE\plugins\com.st.stm32cube.common.mx_6.9.2.202309101412\\db\/mcu/
2023-11-01 16:02:46,817 [INFO] ApiDb:274 - Set plugin database path to: C:\ST\STM32CubeIDE_1.13.2\STM32CubeIDE\plugins\com.st.stm32cube.common.mx_6.9.2.202309101412\\db\/plugins/boardmanager/
2023-11-01 16:02:46,817 [INFO] ApiDb:261 - Set plugin images path to: C:\ST\STM32CubeIDE_1.13.2\STM32CubeIDE\plugins\com.st.stm32cube.common.mx_6.9.2.202309101412\\db\/plugins/mcufinder/images/
2023-11-01 16:02:46,818 [WARN] DbFile:41 - Overriding database path with different value: C:\Users\Demian\.stmcufinder\plugins\mcufinder/ => C:\Users\Demian\.stmcufinder\plugins\mcufinder
2023-11-01 16:02:46,818 [INFO] ApiDb:250 - Set database path to: C:\Users\Demian\.stmcufinder\plugins\mcufinder//mcu/
2023-11-01 16:02:46,818 [WARN] DbFile:41 - Overriding database path with different value: C:\Users\Demian\.stmcufinder\plugins\mcufinder/ => C:\Users\Demian\.stmcufinder\plugins\mcufinder
2023-11-01 16:02:46,818 [INFO] DbMcusAds:125 - Set database path to: C:\Users\Demian\.stmcufinder\plugins\mcufinder//mcu/
2023-11-01 16:02:46,818 [WARN] DbFile:41 - Overriding database path with different value: C:\Users\Demian\.stmcufinder\plugins\mcufinder/ => C:\Users\Demian\.stmcufinder\plugins\mcufinder
2023-11-01 16:02:46,818 [WARN] DbFile:41 - Overriding database path with different value: C:\Users\Demian\.stmcufinder\plugins\mcufinder/ => C:\Users\Demian\.stmcufinder\plugins\mcufinder
2023-11-01 16:02:46,818 [INFO] CrossReferenceDbSqlite:203 - Set database path to: C:\Users\Demian\.stmcufinder\plugins\mcufinder//mcu/cs/
2023-11-01 16:02:46,832 [INFO] ApplicationProperties:184 - Using Application install path: C:\ST\STM32CubeIDE_1.13.2\STM32CubeIDE\plugins\com.st.stm32cube.common.mx_6.9.2.202309101412
2023-11-01 16:02:46,833 [INFO] PluginManage:196 - Search for loadable plugins [exclusion list=, ]
2023-11-01 16:02:46,834 [INFO] PluginManage:310 - Check plugin analytics
2023-11-01 16:02:46,960 [INFO] AnalyticsPlugin:253 - Accepted Software Licenses: STM32CubeMX.6.9.2
2023-11-01 16:02:46,961 [INFO] AnalyticsPlugin:255 - Accepted CMSIS Pack Licenses: 
2023-11-01 16:02:46,961 [INFO] AnalyticsPlugin:257 - Accepted Firmware Licenses: FW.F4.1.27.0
2023-11-01 16:02:46,964 [INFO] PluginManage:359 - Loaded plugin analytics (category:tool,tabindex:-1)
2023-11-01 16:02:46,965 [INFO] PluginManage:310 - Check plugin cadmodel
2023-11-01 16:02:46,979 [INFO] CADModel:105 - Init CAD model plugin
2023-11-01 16:02:46,979 [INFO] PluginManage:359 - Loaded plugin cadmodel (category:power,tabindex:5)
2023-11-01 16:02:46,979 [INFO] PluginManage:310 - Check plugin clock
2023-11-01 16:02:46,997 [INFO] PluginManage:359 - Loaded plugin clock (category:base,tabindex:2)
2023-11-01 16:02:46,997 [INFO] PluginManage:310 - Check plugin ddr
2023-11-01 16:02:46,999 [INFO] PluginManage:359 - Loaded plugin ddr (category:tool,tabindex:6)
2023-11-01 16:02:47,000 [INFO] PluginManage:310 - Check plugin filemanager
2023-11-01 16:02:47,101 [INFO] PluginManage:359 - Loaded plugin filemanager (category:base,tabindex:10)
2023-11-01 16:02:47,101 [INFO] PluginManage:310 - Check plugin ipmanager
2023-11-01 16:02:47,107 [INFO] PluginManage:359 - Loaded plugin ipmanager (category:base,tabindex:5)
2023-11-01 16:02:47,107 [INFO] PluginManage:310 - Check plugin lpbam
2023-11-01 16:02:47,124 [INFO] PluginManage:359 - Loaded plugin lpbam (category:base,tabindex:0)
2023-11-01 16:02:47,125 [INFO] PluginManage:310 - Check plugin memorymap
2023-11-01 16:02:47,140 [INFO] PluginManage:359 - Loaded plugin memorymap (category:base,tabindex:4)
2023-11-01 16:02:47,140 [INFO] PluginManage:310 - Check plugin pinoutandconfiguration
2023-11-01 16:02:47,153 [INFO] PluginManage:359 - Loaded plugin pinoutandconfiguration (category:base,tabindex:1)
2023-11-01 16:02:47,153 [INFO] PluginManage:310 - Check plugin pinoutconfig
2023-11-01 16:02:47,251 [WARN] SupportedApi:132 - Cannot load RTOS API schema: s4s-elt-must-match.1: The content of 'definitions' must match (annotation?, (simpleType | complexType)?, (unique | key | keyref)*)). A problem was found starting at: attribute.
2023-11-01 16:02:47,355 [INFO] PluginManage:359 - Loaded plugin pinoutconfig (category:base,tabindex:0)
2023-11-01 16:02:47,355 [INFO] PluginManage:310 - Check plugin power
2023-11-01 16:02:47,369 [INFO] PluginManage:359 - Loaded plugin power (category:power,tabindex:4)
2023-11-01 16:02:47,370 [INFO] PluginManage:310 - Check plugin projectmanager
2023-11-01 16:02:47,381 [INFO] PluginManage:359 - Loaded plugin projectmanager (category:projectmanager,tabindex:3)
2023-11-01 16:02:47,381 [INFO] PluginManage:310 - Check plugin thirdparty
2023-11-01 16:02:47,587 [INFO] PluginManage:359 - Loaded plugin thirdparty (category:base,tabindex:-1)
2023-11-01 16:02:47,587 [INFO] PluginManage:310 - Check plugin tools
2023-11-01 16:02:47,587 [WARN] IntegrityCheckThread:84 - waiting for thirdparty lock release [integrity check]
2023-11-01 16:02:47,587 [INFO] IntegrityCheckThread:86 - entering critical section [integrity check]
2023-11-01 16:02:47,587 [INFO] ThirdPartyUpdaterWithRetryManager:70 - Updater plugin not ready yet. [1/15]
2023-11-01 16:02:47,619 [INFO] PluginManage:359 - Loaded plugin tools (category:base,tabindex:7)
2023-11-01 16:02:47,619 [INFO] PluginManage:310 - Check plugin tutovideos
2023-11-01 16:02:47,758 [INFO] PluginManage:359 - Loaded plugin tutovideos (category:base,tabindex:-1)
2023-11-01 16:02:47,758 [INFO] PluginManage:310 - Check plugin updater
2023-11-01 16:02:47,767 [INFO] PluginManage:359 - Loaded plugin updater (category:base,tabindex:12)
2023-11-01 16:02:47,767 [INFO] PluginManage:310 - Check plugin userauth
2023-11-01 16:02:47,771 [INFO] UserAuth:113 - Init User Auth plugin
2023-11-01 16:02:47,771 [INFO] PluginManage:359 - Loaded plugin userauth (category:base,tabindex:14)
2023-11-01 16:02:47,771 [INFO] PluginManage:283 - PluginManage : Loaded plugins [17]
2023-11-01 16:02:47,941 [INFO] PinOutPanel:1499 - setPackage(No Configuration,No Configuration)
2023-11-01 16:02:48,032 [INFO] CADModel:165 - CPN selected for project level
2023-11-01 16:02:48,032 [INFO] CADModel:114 - Register for checkConnection events
2023-11-01 16:02:48,052 [INFO] IPUIPlugin:80 - create IPUIPlugin
2023-11-01 16:02:48,052 [INFO] PluginManager:220 - loadIPPluginJar : add adc
2023-11-01 16:02:48,081 [INFO] IPUIPlugin:80 - create IPUIPlugin
2023-11-01 16:02:48,081 [INFO] PluginManager:220 - loadIPPluginJar : add aes
2023-11-01 16:02:48,115 [INFO] IPUIPlugin:80 - create IPUIPlugin
2023-11-01 16:02:48,115 [INFO] PluginManager:220 - loadIPPluginJar : add can
2023-11-01 16:02:48,133 [INFO] IPUIPlugin:80 - create IPUIPlugin
2023-11-01 16:02:48,133 [INFO] PluginManager:220 - loadIPPluginJar : add comp
2023-11-01 16:02:48,161 [INFO] IPUIPlugin:80 - create IPUIPlugin
2023-11-01 16:02:48,161 [INFO] PluginManager:220 - loadIPPluginJar : add cryp
2023-11-01 16:02:48,186 [INFO] IPUIPlugin:80 - create IPUIPlugin
2023-11-01 16:02:48,186 [INFO] PluginManager:220 - loadIPPluginJar : add dfsdm
2023-11-01 16:02:48,198 [INFO] IPUIPlugin:80 - create IPUIPlugin
2023-11-01 16:02:48,198 [INFO] PluginManager:220 - loadIPPluginJar : add dma
2023-11-01 16:02:48,232 [INFO] IPUIPlugin:80 - create IPUIPlugin
2023-11-01 16:02:48,232 [INFO] PluginManager:220 - loadIPPluginJar : add dma3
2023-11-01 16:02:48,249 [INFO] IPUIPlugin:80 - create IPUIPlugin
2023-11-01 16:02:48,249 [INFO] PluginManager:220 - loadIPPluginJar : add fatfs
2023-11-01 16:02:48,287 [INFO] IPUIPlugin:80 - create IPUIPlugin
2023-11-01 16:02:48,287 [INFO] PluginManager:220 - loadIPPluginJar : add fmc
2023-11-01 16:02:48,300 [INFO] IPUIPlugin:80 - create IPUIPlugin
2023-11-01 16:02:48,300 [INFO] PluginManager:220 - loadIPPluginJar : add freertos
2023-11-01 16:02:48,318 [INFO] IPUIPlugin:80 - create IPUIPlugin
2023-11-01 16:02:48,318 [INFO] PluginManager:220 - loadIPPluginJar : add genericplugin
2023-11-01 16:02:48,403 [INFO] IPUIPlugin:80 - create IPUIPlugin
2023-11-01 16:02:48,403 [INFO] PluginManager:220 - loadIPPluginJar : add gfxmmu
2023-11-01 16:02:48,524 [INFO] IPUIPlugin:80 - create IPUIPlugin
2023-11-01 16:02:48,524 [INFO] PluginManager:220 - loadIPPluginJar : add gic
2023-11-01 16:02:48,537 [INFO] IPUIPlugin:80 - create IPUIPlugin
2023-11-01 16:02:48,537 [INFO] PluginManager:220 - loadIPPluginJar : add gpio
2023-11-01 16:02:48,611 [INFO] IPUIPlugin:80 - create IPUIPlugin
2023-11-01 16:02:48,611 [INFO] PluginManager:220 - loadIPPluginJar : add gtzc
2023-11-01 16:02:48,640 [INFO] IPUIPlugin:80 - create IPUIPlugin
2023-11-01 16:02:48,640 [INFO] PluginManager:220 - loadIPPluginJar : add hash
2023-11-01 16:02:48,686 [INFO] IPUIPlugin:80 - create IPUIPlugin
2023-11-01 16:02:48,686 [INFO] PluginManager:220 - loadIPPluginJar : add i2c
2023-11-01 16:02:48,720 [INFO] IPUIPlugin:80 - create IPUIPlugin
2023-11-01 16:02:48,720 [INFO] PluginManager:220 - loadIPPluginJar : add i2s
2023-11-01 16:02:48,754 [INFO] IPUIPlugin:80 - create IPUIPlugin
2023-11-01 16:02:48,754 [INFO] PluginManager:220 - loadIPPluginJar : add i3c
2023-11-01 16:02:48,839 [INFO] IPUIPlugin:80 - create IPUIPlugin
2023-11-01 16:02:48,840 [INFO] PluginManager:220 - loadIPPluginJar : add ipddr
2023-11-01 16:02:48,914 [INFO] IPUIPlugin:80 - create IPUIPlugin
2023-11-01 16:02:48,915 [INFO] PluginManager:220 - loadIPPluginJar : add linkedlist
2023-11-01 16:02:48,949 [INFO] IPUIPlugin:80 - create IPUIPlugin
2023-11-01 16:02:48,949 [INFO] PluginManager:220 - loadIPPluginJar : add lorawan
2023-11-01 16:02:48,981 [INFO] IPUIPlugin:80 - create IPUIPlugin
2023-11-01 16:02:48,981 [INFO] PluginManager:220 - loadIPPluginJar : add ltdc
2023-11-01 16:02:48,994 [INFO] IPUIPlugin:80 - create IPUIPlugin
2023-11-01 16:02:48,994 [INFO] PluginManager:220 - loadIPPluginJar : add mdma
2023-11-01 16:02:49,005 [INFO] IPUIPlugin:80 - create IPUIPlugin
2023-11-01 16:02:49,005 [INFO] PluginManager:220 - loadIPPluginJar : add nvic
2023-11-01 16:02:49,035 [INFO] IPUIPlugin:80 - create IPUIPlugin
2023-11-01 16:02:49,035 [INFO] PluginManager:220 - loadIPPluginJar : add opamp
2023-11-01 16:02:49,084 [INFO] IPUIPlugin:80 - create IPUIPlugin
2023-11-01 16:02:49,085 [INFO] PluginManager:220 - loadIPPluginJar : add openamp
2023-11-01 16:02:49,119 [INFO] IPUIPlugin:80 - create IPUIPlugin
2023-11-01 16:02:49,119 [INFO] PluginManager:220 - loadIPPluginJar : add pdm2pcm
2023-11-01 16:02:49,132 [INFO] IPUIPlugin:80 - create IPUIPlugin
2023-11-01 16:02:49,133 [INFO] PluginManager:220 - loadIPPluginJar : add plateformsettings
2023-11-01 16:02:49,151 [INFO] IPUIPlugin:80 - create IPUIPlugin
2023-11-01 16:02:49,151 [INFO] PluginManager:220 - loadIPPluginJar : add quadspi
2023-11-01 16:02:49,162 [INFO] IPUIPlugin:80 - create IPUIPlugin
2023-11-01 16:02:49,162 [INFO] PluginManager:220 - loadIPPluginJar : add resmgrutility
2023-11-01 16:02:49,200 [INFO] IPUIPlugin:80 - create IPUIPlugin
2023-11-01 16:02:49,200 [INFO] PluginManager:220 - loadIPPluginJar : add sai
2023-11-01 16:02:49,231 [INFO] IPUIPlugin:80 - create IPUIPlugin
2023-11-01 16:02:49,231 [INFO] PluginManager:220 - loadIPPluginJar : add spi
2023-11-01 16:02:49,278 [INFO] IPUIPlugin:80 - create IPUIPlugin
2023-11-01 16:02:49,279 [INFO] PluginManager:220 - loadIPPluginJar : add stm32_wpan
2023-11-01 16:02:49,297 [INFO] IPUIPlugin:80 - create IPUIPlugin
2023-11-01 16:02:49,297 [INFO] PluginManager:220 - loadIPPluginJar : add tim
2023-11-01 16:02:49,343 [INFO] IPUIPlugin:80 - create IPUIPlugin
2023-11-01 16:02:49,343 [INFO] PluginManager:220 - loadIPPluginJar : add touchsensing
2023-11-01 16:02:49,362 [INFO] IPUIPlugin:80 - create IPUIPlugin
2023-11-01 16:02:49,362 [INFO] PluginManager:220 - loadIPPluginJar : add tracer_emb
2023-11-01 16:02:49,381 [INFO] IPUIPlugin:80 - create IPUIPlugin
2023-11-01 16:02:49,381 [INFO] PluginManager:220 - loadIPPluginJar : add ts
2023-11-01 16:02:49,399 [INFO] IPUIPlugin:80 - create IPUIPlugin
2023-11-01 16:02:49,400 [INFO] PluginManager:220 - loadIPPluginJar : add tsc
2023-11-01 16:02:49,418 [INFO] IPUIPlugin:80 - create IPUIPlugin
2023-11-01 16:02:49,418 [INFO] PluginManager:220 - loadIPPluginJar : add ucpd
2023-11-01 16:02:49,455 [INFO] IPUIPlugin:80 - create IPUIPlugin
2023-11-01 16:02:49,455 [INFO] PluginManager:220 - loadIPPluginJar : add usart
2023-11-01 16:02:49,496 [INFO] IPUIPlugin:80 - create IPUIPlugin
2023-11-01 16:02:49,496 [INFO] PluginManager:220 - loadIPPluginJar : add usbx
2023-11-01 16:02:49,619 [INFO] CADModel:165 - CPN selected for project level
2023-11-01 16:02:49,619 [INFO] CADModel:114 - Register for checkConnection events
2023-11-01 16:02:49,619 [FATAL] Updater:308 - Updater called before beeing initialized
2023-11-01 16:02:49,619 [ERROR] CADModel:125 - Updater not yet initialized, retry later 
2023-11-01 16:02:49,723 [INFO] CADModel:165 - CPN selected for project level
2023-11-01 16:02:49,723 [INFO] CADModel:114 - Register for checkConnection events
2023-11-01 16:02:49,723 [FATAL] Updater:308 - Updater called before beeing initialized
2023-11-01 16:02:49,724 [ERROR] CADModel:125 - Updater not yet initialized, retry later 
2023-11-01 16:02:49,726 [FATAL] Updater:308 - Updater called before beeing initialized
2023-11-01 16:02:49,819 [FATAL] Updater:308 - Updater called before beeing initialized
2023-11-01 16:02:49,828 [INFO] DbMcusAds:53 - JSON generation date=Tue Mar 07 00:50:55 PST 2023 (1678179055114)
2023-11-01 16:02:49,828 [FATAL] Updater:308 - Updater called before beeing initialized
2023-11-01 16:02:49,890 [WARN] DetailPanel:346 - Failed to get advertising image, set to default
2023-11-01 16:02:49,974 [FATAL] Updater:308 - Updater called before beeing initialized
2023-11-01 16:02:49,976 [FATAL] Updater:308 - Updater called before beeing initialized
2023-11-01 16:02:49,976 [FATAL] Updater:308 - Updater called before beeing initialized
2023-11-01 16:02:49,976 [WARN] DetailPanel:346 - Failed to get advertising image, set to default
2023-11-01 16:02:49,976 [FATAL] Updater:308 - Updater called before beeing initialized
2023-11-01 16:02:50,025 [ERROR] Updater:1120 - MainUpdater not yet initialized. External WinMGr cannot be set.
2023-11-01 16:02:50,033 [INFO] Updater:1056 - Updater Version found : 6.9.2
2023-11-01 16:02:50,049 [INFO] ApplicationProperties:184 - Using Application install path: C:\ST\STM32CubeIDE_1.13.2\STM32CubeIDE\plugins\com.st.stm32cube.common.mx_6.9.2.202309101412
2023-11-01 16:02:50,175 [INFO] MainUpdater:2868 - connection check result : 10
2023-11-01 16:02:50,176 [INFO] MainUpdater:285 - Updater Check For Update Now.
2023-11-01 16:02:50,176 [INFO] MicroXplorer:498 - Change Database Version : DB.6.0.92
2023-11-01 16:02:50,198 [INFO] McuFinderGlobals:63 - Set McuFinder mode to 2 (CubeIDE integrated)
2023-11-01 16:02:50,388 [INFO] CheckServerUpdateThread:120 - End of CheckServer Thread
2023-11-01 16:02:50,748 [WARN] PackLoader:240 - Cannot read IP mode file for STMicroelectronics.X-CUBE-SMBUS.2.1.0
2023-11-01 16:02:50,793 [WARN] PackLoader:240 - Cannot read IP mode file for STMicroelectronics.X-CUBE-AZRTOS-F7.1.1.0
2023-11-01 16:02:50,813 [WARN] PackLoader:240 - Cannot read IP mode file for STMicroelectronics.FP-SNS-MOTENV1.4.3.2
2023-11-01 16:02:50,829 [WARN] PackLoader:240 - Cannot read IP mode file for STMicroelectronics.FP-SNS-FLIGHT1.5.0.2
2023-11-01 16:02:50,848 [WARN] PackLoader:240 - Cannot read IP mode file for STMicroelectronics.X-CUBE-DISPLAY.3.0.0
2023-11-01 16:02:50,872 [WARN] PackLoader:240 - Cannot read IP mode file for STMicroelectronics.X-CUBE-BLE1.7.0.0
2023-11-01 16:02:50,887 [WARN] PackLoader:240 - Cannot read IP mode file for emotas.I-CUBE-CANOPEN.1.3.0
2023-11-01 16:02:50,903 [WARN] PackLoader:240 - Cannot read IP mode file for STMicroelectronics.X-CUBE-TOUCHGFX.4.22.1
2023-11-01 16:02:50,916 [WARN] PackLoader:240 - Cannot read IP mode file for STMicroelectronics.FP-SNS-SMARTAG2.1.2.0
2023-11-01 16:02:50,938 [INFO] LogOutputStream:77 - [STDOUT_REDIRECT] 1 : Invalid condition id : UX_CORESTACK_Condition cause : null
2023-11-01 16:02:50,939 [INFO] LogOutputStream:77 - [STDOUT_REDIRECT] 1 : Invalid condition id : UX_CORESTACK_Condition cause : null
2023-11-01 16:02:50,941 [INFO] LogOutputStream:77 - [STDOUT_REDIRECT] 1 : Invalid condition id : UX_CORESTACK_Condition cause : null
2023-11-01 16:02:50,942 [INFO] LogOutputStream:77 - [STDOUT_REDIRECT] 1 : Invalid condition id : UX_CORESTACK_Condition cause : null
2023-11-01 16:02:50,944 [INFO] LogOutputStream:77 - [STDOUT_REDIRECT] 1 : Invalid condition id : UX_CORESTACK_Condition cause : null
2023-11-01 16:02:50,949 [WARN] PackLoader:240 - Cannot read IP mode file for STMicroelectronics.X-CUBE-AZRTOS-WL.2.0.0
2023-11-01 16:02:50,968 [WARN] PackLoader:240 - Cannot read IP mode file for WES.I-CUBE-Cesium.1.3.0
2023-11-01 16:02:50,979 [WARN] PackLoader:240 - Cannot read IP mode file for STMicroelectronics.X-CUBE-BLE2.3.3.0
2023-11-01 16:02:50,993 [WARN] PackLoader:240 - Cannot read IP mode file for STMicroelectronics.X-CUBE-ALGOBUILD.1.3.0
2023-11-01 16:02:51,020 [WARN] PackLoader:240 - Cannot read IP mode file for STMicroelectronics.X-CUBE-AZRTOS-G0.1.1.0
2023-11-01 16:02:51,035 [WARN] PackLoader:240 - Cannot read IP mode file for STMicroelectronics.X-CUBE-NFC4.3.0.0
2023-11-01 16:02:51,051 [WARN] PackLoader:240 - Cannot read IP mode file for STMicroelectronics.X-CUBE-BLEMGR.3.0.0
2023-11-01 16:02:51,063 [WARN] PackLoader:240 - Cannot read IP mode file for STMicroelectronics.FP-ATR-SIGFOX1.3.2.0
2023-11-01 16:02:51,094 [WARN] PackLoader:240 - Cannot read IP mode file for SEGGER.I-CUBE-embOS.1.3.1
2023-11-01 16:02:51,155 [WARN] PackLoader:240 - Cannot read IP mode file for STMicroelectronics.X-CUBE-GNSS1.6.0.0
2023-11-01 16:02:51,189 [WARN] PackLoader:240 - Cannot read IP mode file for STMicroelectronics.X-CUBE-AZRTOS-F4.1.1.0
2023-11-01 16:02:51,204 [WARN] PackLoader:240 - Cannot read IP mode file for wolfSSL.I-CUBE-wolfSSL.5.6.3
2023-11-01 16:02:51,238 [WARN] PackLoader:240 - Cannot read IP mode file for STMicroelectronics.X-CUBE-AZRTOS-L5.2.0.0
2023-11-01 16:02:51,287 [WARN] PackLoader:240 - Cannot read IP mode file for STMicroelectronics.X-CUBE-MEMS1.9.6.0
2023-11-01 16:02:51,423 [WARN] PackLoader:240 - Cannot read IP mode file for STMicroelectronics.X-CUBE-EEPRMA1.4.2.0
2023-11-01 16:02:51,438 [WARN] PackLoader:240 - Cannot read IP mode file for ITTIA_DB.I-CUBE-ITTIADB.8.8.0
2023-11-01 16:02:51,455 [WARN] PackLoader:240 - Cannot read IP mode file for STMicroelectronics.X-CUBE-BLEMGR.2.0.0
2023-11-01 16:02:51,483 [WARN] ConditionMgr:438 - getConditionDescription Invalid condition id : UX DEVICE CLASS RTOS Condition cause : null
2023-11-01 16:02:51,483 [WARN] ConditionMgr:438 - getConditionDescription Invalid condition id : UX DEVICE CLASS RTOS Condition cause : null
2023-11-01 16:02:51,486 [WARN] PackLoader:240 - Cannot read IP mode file for STMicroelectronics.X-CUBE-AZRTOS-H7.3.1.0
2023-11-01 16:02:51,487 [WARN] ConditionMgr:1039 - genDependencies : Invalid condition id : UX DEVICE CLASS RTOS Condition cause : null
2023-11-01 16:02:51,487 [WARN] ConditionMgr:1039 - genDependencies : Invalid condition id : UX DEVICE CLASS RTOS Condition cause : null
2023-11-01 16:02:51,488 [WARN] ConditionMgr:1039 - genDependencies : Invalid condition id : UX DEVICE CLASS RTOS Condition cause : null
2023-11-01 16:02:51,488 [WARN] ConditionMgr:1039 - genDependencies : Invalid condition id : UX DEVICE CLASS RTOS Condition cause : null
2023-11-01 16:02:51,488 [WARN] ConditionMgr:1039 - genDependencies : Invalid condition id : UX DEVICE CLASS RTOS Condition cause : null
2023-11-01 16:02:51,502 [WARN] PackLoader:240 - Cannot read IP mode file for STMicroelectronics.X-CUBE-NFC7.1.0.1
2023-11-01 16:02:51,517 [WARN] PackLoader:240 - Cannot read IP mode file for STMicroelectronics.X-CUBE-NFC6.3.0.0
2023-11-01 16:02:51,531 [WARN] PackLoader:240 - Cannot read IP mode file for STMicroelectronics.X-CUBE-EEPRMA1.4.1.0
2023-11-01 16:02:51,543 [WARN] PackLoader:240 - Cannot read IP mode file for STMicroelectronics.X-CUBE-AI.8.1.0
2023-11-01 16:02:51,569 [WARN] ConditionMgr:438 - getConditionDescription Invalid condition id : LAN8742 Phy interface Condition cause : null
2023-11-01 16:02:51,570 [WARN] PackLoader:240 - Cannot read IP mode file for STMicroelectronics.X-CUBE-AZRTOS-L4.2.0.0
2023-11-01 16:02:51,571 [WARN] ConditionMgr:1039 - genDependencies : Invalid condition id : LAN8742 Phy interface Condition cause : null
2023-11-01 16:02:51,571 [WARN] ConditionMgr:1039 - genDependencies : Invalid condition id : LAN8742 Phy interface Condition cause : null
2023-11-01 16:02:51,572 [WARN] ConditionMgr:1039 - genDependencies : Invalid condition id : LAN8742 Phy interface Condition cause : null
2023-11-01 16:02:51,586 [WARN] PackLoader:240 - Cannot read IP mode file for STMicroelectronics.X-CUBE-SFXS2LP1.4.0.0
2023-11-01 16:02:51,598 [WARN] PackLoader:240 - Cannot read IP mode file for STMicroelectronics.X-CUBE-ISPU.1.1.0
2023-11-01 16:02:51,619 [WARN] ConditionMgr:438 - getConditionDescription Invalid condition id : UX DEVICE CLASS RTOS Condition cause : null
2023-11-01 16:02:51,619 [WARN] ConditionMgr:438 - getConditionDescription Invalid condition id : UX DEVICE CLASS RTOS Condition cause : null
2023-11-01 16:02:51,621 [WARN] PackLoader:240 - Cannot read IP mode file for STMicroelectronics.X-CUBE-AZRTOS-WB.2.0.0
2023-11-01 16:02:51,621 [WARN] ConditionMgr:1039 - genDependencies : Invalid condition id : UX DEVICE CLASS RTOS Condition cause : null
2023-11-01 16:02:51,621 [WARN] ConditionMgr:1039 - genDependencies : Invalid condition id : UX DEVICE CLASS RTOS Condition cause : null
2023-11-01 16:02:51,622 [WARN] ConditionMgr:1039 - genDependencies : Invalid condition id : UX DEVICE CLASS RTOS Condition cause : null
2023-11-01 16:02:51,622 [WARN] ConditionMgr:1039 - genDependencies : Invalid condition id : UX DEVICE CLASS RTOS Condition cause : null
2023-11-01 16:02:51,622 [WARN] ConditionMgr:1039 - genDependencies : Invalid condition id : UX DEVICE CLASS RTOS Condition cause : null
2023-11-01 16:02:51,639 [WARN] PackLoader:240 - Cannot read IP mode file for STMicroelectronics.X-CUBE-SUBG2.5.0.0
2023-11-01 16:02:51,663 [WARN] PackLoader:240 - Cannot read IP mode file for STMicroelectronics.X-CUBE-TOF1.3.3.1
2023-11-01 16:02:51,693 [WARN] PackLoader:240 - Cannot read IP mode file for STMicroelectronics.X-CUBE-AZRTOS-G4.2.0.0
2023-11-01 16:02:51,717 [WARN] PackLoader:240 - Cannot read IP mode file for Infineon.AIROC-Wi-Fi-Bluetooth-STM32.1.5.1
2023-11-01 16:02:51,764 [WARN] PackLoader:240 - Cannot read IP mode file for STMicroelectronics.X-CUBE-MEMS1.10.0.0
2023-11-01 16:02:51,871 [WARN] PackLoader:240 - Cannot read IP mode file for STMicroelectronics.X-CUBE-FREERTOS.1.1.0
2023-11-01 16:02:51,885 [WARN] PackLoader:240 - Cannot read IP mode file for portGmbH.I-Cube-SoM-uGOAL.1.1.0
2023-11-01 16:02:51,896 [WARN] PackLoader:240 - Cannot read IP mode file for STMicroelectronics.X-CUBE-ALS.1.0.1
2023-11-01 16:02:51,907 [WARN] PackLoader:240 - Cannot read IP mode file for STMicroelectronics.FP-ATR-ASTRA1.2.0.0
2023-11-01 16:02:51,908 [INFO] ThirdParty:978 - Integrity check success = true
2023-11-01 16:02:51,908 [INFO] IntegrityCheckThread:100 - exiting critical section [integrity check]
2023-11-01 16:02:51,908 [INFO] IntegrityCheckThread:103 - End integrity checks thread
2023-11-01 16:03:11,235 [ERROR] LogOutputStream:75 - [STDERR_REDIRECT] SLF4J: Failed to load class "org.slf4j.impl.StaticLoggerBinder".
2023-11-01 16:03:11,235 [ERROR] LogOutputStream:75 - [STDERR_REDIRECT] SLF4J: Defaulting to no-operation (NOP) logger implementation
2023-11-01 16:03:11,237 [ERROR] LogOutputStream:75 - [STDERR_REDIRECT] SLF4J: See http://www.slf4j.org/codes.html#StaticLoggerBinder for further details.
